25/07/2025 14:18:00 - INFO - Solicitada gera玢o de relatrio de infraestrutura escolar
25/07/2025 14:18:01 - ERROR - Erro ao gerar relatrio de infraestrutura: 'TextClause' object has no attribute '_isnull'
25/07/2025 14:18:01 - ERROR - Exce玢o ao gerar relatrio de infraestrutura: 500: 'TextClause' object has no attribute '_isnull'
Traceback (most recent call last):
  File "C:\Users\regin\Desktop\Programas\Docker\final\app\routers\relatorio_router.py", line 104, in relatorio_infraestrutura
    raise HTTPException(status_code=500, detail=resultado['error'])
fastapi.exceptions.HTTPException: 500: 'TextClause' object has no attribute '_isnull'
25/07/2025 14:36:16 - INFO - Relatrio da infraestrutura das escolas
25/07/2025 14:36:16 - ERROR - Erro: 400: Coluna 'in_internet ' no existe em Infraestrutura 
25/07/2025 14:36:25 - INFO - Relatrio da infraestrutura das escolas
25/07/2025 14:36:25 - ERROR - Erro: 400: Coluna 'in_biblioteca ' no existe em Infraestrutura 
25/07/2025 15:01:29 - INFO - EndPoint GET /escolas/filter/{filter}/{data}/{page}/{limit} chamado (filter=no_municipio, data=EEEP AVELINO MAGALHES, page=1, limit=10)
25/07/2025 15:01:29 - INFO - Retornando 0 escolas filtradas por no_municipio=EEEP AVELINO MAGALHES (page=1, limit=10)
25/07/2025 15:01:38 - INFO - EndPoint GET /escolas/filter/{filter}/{data}/{page}/{limit} chamado (filter=no_municipio, data=Tabuleiro do Norte, page=1, limit=10)
25/07/2025 15:01:38 - INFO - Retornando 10 escolas filtradas por no_municipio=Tabuleiro do Norte (page=1, limit=10)
30/07/2025 12:18:26 - INFO - Relat贸rio da infraestrutura das escolas
30/07/2025 12:19:54 - INFO - Relat贸rio da infraestrutura das escolas
30/07/2025 12:20:02 - INFO - Relat贸rio da infraestrutura das escolas
30/07/2025 12:20:10 - INFO - Relat贸rio da infraestrutura das escolas
30/07/2025 12:20:20 - INFO - Relat贸rio da infraestrutura das escolas
30/07/2025 12:21:54 - INFO - Relat贸rio da infraestrutura das escolas
30/07/2025 12:22:49 - INFO - Relat贸rio da infraestrutura das escolas
30/07/2025 12:22:57 - INFO - Relat贸rio da infraestrutura das escolas
30/07/2025 12:23:04 - INFO - Relat贸rio da infraestrutura das escolas
30/07/2025 12:23:26 - INFO - Relat贸rio da infraestrutura das escolas
30/07/2025 12:23:32 - INFO - Relat贸rio da infraestrutura das escolas
30/07/2025 12:23:58 - INFO - Solicitada gera莽茫o de relat贸rio geral do censo escolar
30/07/2025 12:23:59 - INFO - Relat贸rio geral gerado com sucesso
30/07/2025 12:23:59 - INFO - Solicitada gera莽茫o de relat贸rio geral do censo escolar
30/07/2025 12:23:59 - INFO - Relat贸rio geral gerado com sucesso
30/07/2025 12:24:16 - INFO - Relat贸rio da infraestrutura das escolas
30/07/2025 12:25:04 - INFO - Relat贸rio da infraestrutura das escolas
30/07/2025 12:25:08 - INFO - Relat贸rio da infraestrutura das escolas
30/07/2025 12:25:16 - INFO - Relat贸rio da infraestrutura das escolas
30/07/2025 12:25:20 - INFO - Solicitada gera莽茫o de relat贸rio geral do censo escolar
30/07/2025 12:25:20 - INFO - Relat贸rio geral gerado com sucesso
30/07/2025 12:25:20 - INFO - Solicitada gera莽茫o de relat贸rio geral do censo escolar
30/07/2025 12:25:20 - INFO - Relat贸rio geral gerado com sucesso
30/07/2025 12:25:28 - INFO - Relat贸rio da infraestrutura das escolas por estado
30/07/2025 12:25:33 - INFO - Relat贸rio da infraestrutura das escolas por estado
30/07/2025 12:25:36 - INFO - Relat贸rio da infraestrutura das escolas por estado
30/07/2025 12:25:42 - INFO - Relat贸rio da infraestrutura das escolas por estado
30/07/2025 12:25:42 - INFO - Relat贸rio da infraestrutura das escolas por estado
30/07/2025 12:25:43 - INFO - Relat贸rio da infraestrutura das escolas por estado
30/07/2025 12:25:43 - INFO - Relat贸rio da infraestrutura das escolas por estado
30/07/2025 12:25:44 - INFO - Relat贸rio da infraestrutura das escolas por estado
30/07/2025 12:25:44 - INFO - Relat贸rio da infraestrutura das escolas por estado
30/07/2025 12:25:44 - INFO - Relat贸rio da infraestrutura das escolas por estado
30/07/2025 12:25:45 - INFO - Relat贸rio da infraestrutura das escolas por estado
30/07/2025 12:25:45 - INFO - Relat贸rio da infraestrutura das escolas por estado
30/07/2025 12:25:45 - INFO - Relat贸rio da infraestrutura das escolas por estado
30/07/2025 12:25:46 - INFO - Relat贸rio da infraestrutura das escolas por estado
30/07/2025 12:25:46 - INFO - Relat贸rio da infraestrutura das escolas por estado
30/07/2025 12:25:46 - INFO - Relat贸rio da infraestrutura das escolas por estado
30/07/2025 12:25:47 - INFO - Relat贸rio da infraestrutura das escolas por estado
30/07/2025 12:25:47 - INFO - Relat贸rio da infraestrutura das escolas por estado
30/07/2025 12:25:48 - INFO - Relat贸rio da infraestrutura das escolas por estado
30/07/2025 12:25:49 - INFO - Relat贸rio da infraestrutura das escolas por estado
30/07/2025 12:25:51 - INFO - Relat贸rio da infraestrutura das escolas por estado
30/07/2025 12:25:51 - INFO - Relat贸rio da infraestrutura das escolas por estado
30/07/2025 12:25:52 - INFO - Relat贸rio da infraestrutura das escolas por estado
30/07/2025 12:25:52 - INFO - Relat贸rio da infraestrutura das escolas por estado
30/07/2025 12:25:53 - INFO - Relat贸rio da infraestrutura das escolas por estado
30/07/2025 12:25:53 - INFO - Relat贸rio da infraestrutura das escolas por estado
30/07/2025 12:25:54 - INFO - Relat贸rio da infraestrutura das escolas por estado
30/07/2025 12:25:54 - INFO - Relat贸rio da infraestrutura das escolas por estado
30/07/2025 12:25:54 - INFO - Relat贸rio da infraestrutura das escolas por estado
30/07/2025 12:25:55 - INFO - Relat贸rio da infraestrutura das escolas por estado
30/07/2025 12:25:55 - INFO - Relat贸rio da infraestrutura das escolas por estado
30/07/2025 12:25:56 - INFO - Relat贸rio da infraestrutura das escolas por estado
30/07/2025 12:25:56 - INFO - Relat贸rio da infraestrutura das escolas por estado
30/07/2025 12:25:56 - INFO - Relat贸rio da infraestrutura das escolas por estado
30/07/2025 12:25:57 - INFO - Relat贸rio da infraestrutura das escolas por estado
30/07/2025 12:25:57 - INFO - Relat贸rio da infraestrutura das escolas por estado
30/07/2025 12:25:58 - INFO - Relat贸rio da infraestrutura das escolas por estado
30/07/2025 12:27:09 - INFO - Relat贸rio da infraestrutura das escolas por estado
30/07/2025 12:27:11 - INFO - Relat贸rio da infraestrutura das escolas por estado
30/07/2025 12:27:12 - INFO - Relat贸rio da infraestrutura das escolas por estado
30/07/2025 12:27:12 - INFO - Relat贸rio da infraestrutura das escolas por estado
30/07/2025 12:27:12 - INFO - Relat贸rio da infraestrutura das escolas por estado
30/07/2025 12:27:13 - INFO - Relat贸rio da infraestrutura das escolas por estado
30/07/2025 12:27:13 - INFO - Relat贸rio da infraestrutura das escolas por estado
30/07/2025 12:27:14 - INFO - Relat贸rio da infraestrutura das escolas por estado
30/07/2025 12:27:15 - INFO - Relat贸rio da infraestrutura das escolas por estado
30/07/2025 12:27:21 - INFO - Relat贸rio da infraestrutura das escolas por estado
30/07/2025 12:27:22 - INFO - Relat贸rio da infraestrutura das escolas por estado
30/07/2025 12:27:22 - INFO - Relat贸rio da infraestrutura das escolas por estado
30/07/2025 12:27:23 - INFO - Relat贸rio da infraestrutura das escolas por estado
30/07/2025 12:27:24 - INFO - Relat贸rio da infraestrutura das escolas por estado
30/07/2025 12:27:25 - INFO - Relat贸rio da infraestrutura das escolas por estado
30/07/2025 12:27:30 - INFO - Relat贸rio da infraestrutura das escolas por estado
30/07/2025 12:27:31 - INFO - Relat贸rio da infraestrutura das escolas por estado
30/07/2025 12:27:32 - INFO - Relat贸rio da infraestrutura das escolas por estado
30/07/2025 12:27:32 - INFO - Relat贸rio da infraestrutura das escolas por estado
30/07/2025 12:27:33 - INFO - Relat贸rio da infraestrutura das escolas por estado
30/07/2025 12:27:36 - INFO - Relat贸rio da infraestrutura das escolas por estado
30/07/2025 12:27:37 - INFO - Relat贸rio da infraestrutura das escolas por estado
30/07/2025 12:27:39 - INFO - Relat贸rio da infraestrutura das escolas por estado
30/07/2025 12:27:39 - INFO - Relat贸rio da infraestrutura das escolas por estado
30/07/2025 12:27:39 - INFO - Relat贸rio da infraestrutura das escolas por estado
30/07/2025 12:27:40 - INFO - Relat贸rio da infraestrutura das escolas por estado
30/07/2025 12:27:40 - INFO - Relat贸rio da infraestrutura das escolas por estado
30/07/2025 12:27:40 - INFO - Relat贸rio da infraestrutura das escolas por estado
30/07/2025 12:27:40 - INFO - Relat贸rio da infraestrutura das escolas por estado
30/07/2025 12:27:40 - INFO - Relat贸rio da infraestrutura das escolas por estado
30/07/2025 12:27:40 - INFO - Relat贸rio da infraestrutura das escolas por estado
30/07/2025 12:27:42 - INFO - Relat贸rio da infraestrutura das escolas por estado
30/07/2025 12:27:42 - INFO - Relat贸rio da infraestrutura das escolas por estado
30/07/2025 12:27:42 - INFO - Relat贸rio da infraestrutura das escolas por estado
30/07/2025 12:27:43 - INFO - Relat贸rio da infraestrutura das escolas por estado
30/07/2025 12:27:44 - INFO - Relat贸rio da infraestrutura das escolas por estado
30/07/2025 12:27:46 - INFO - Relat贸rio da infraestrutura das escolas por estado
30/07/2025 12:27:47 - INFO - Relat贸rio da infraestrutura das escolas por estado
30/07/2025 12:27:50 - INFO - Relat贸rio da infraestrutura das escolas por estado
30/07/2025 12:27:50 - INFO - Relat贸rio da infraestrutura das escolas por estado
30/07/2025 12:27:51 - INFO - Relat贸rio da infraestrutura das escolas por estado
30/07/2025 12:27:52 - INFO - Relat贸rio da infraestrutura das escolas por estado
30/07/2025 12:27:52 - INFO - Relat贸rio da infraestrutura das escolas por estado
30/07/2025 12:27:52 - INFO - Relat贸rio da infraestrutura das escolas por estado
30/07/2025 12:27:53 - INFO - Relat贸rio da infraestrutura das escolas por estado
30/07/2025 12:27:53 - INFO - Relat贸rio da infraestrutura das escolas por estado
30/07/2025 12:27:55 - INFO - Relat贸rio da infraestrutura das escolas por estado
30/07/2025 12:27:56 - INFO - Relat贸rio da infraestrutura das escolas por estado
30/07/2025 12:27:56 - INFO - Relat贸rio da infraestrutura das escolas por estado
30/07/2025 12:27:56 - INFO - Relat贸rio da infraestrutura das escolas por estado
30/07/2025 12:27:56 - INFO - Relat贸rio da infraestrutura das escolas por estado
30/07/2025 12:27:56 - INFO - Relat贸rio da infraestrutura das escolas por estado
30/07/2025 12:27:57 - INFO - Relat贸rio da infraestrutura das escolas por estado
30/07/2025 12:27:57 - INFO - Relat贸rio da infraestrutura das escolas por estado
30/07/2025 12:27:57 - INFO - Relat贸rio da infraestrutura das escolas por estado
30/07/2025 12:27:57 - INFO - Relat贸rio da infraestrutura das escolas por estado
30/07/2025 12:27:57 - INFO - Relat贸rio da infraestrutura das escolas por estado
30/07/2025 12:27:57 - INFO - Relat贸rio da infraestrutura das escolas por estado
30/07/2025 12:27:57 - INFO - Relat贸rio da infraestrutura das escolas por estado
30/07/2025 12:27:58 - INFO - Relat贸rio da infraestrutura das escolas por estado
30/07/2025 12:27:59 - INFO - Relat贸rio da infraestrutura das escolas por estado
30/07/2025 12:27:59 - INFO - Relat贸rio da infraestrutura das escolas por estado
30/07/2025 12:27:59 - INFO - Relat贸rio da infraestrutura das escolas por estado
30/07/2025 12:28:03 - INFO - Relat贸rio da infraestrutura das escolas por estado
30/07/2025 12:28:08 - INFO - Relat贸rio da infraestrutura das escolas por estado
30/07/2025 12:28:09 - INFO - Relat贸rio da infraestrutura das escolas por estado
30/07/2025 12:28:13 - INFO - Relat贸rio da infraestrutura das escolas por estado
30/07/2025 12:28:14 - INFO - Relat贸rio da infraestrutura das escolas por estado
30/07/2025 12:28:14 - INFO - Relat贸rio da infraestrutura das escolas por estado
30/07/2025 12:28:15 - INFO - Relat贸rio da infraestrutura das escolas por estado
30/07/2025 12:28:15 - INFO - Relat贸rio da infraestrutura das escolas por estado
30/07/2025 12:28:15 - INFO - Relat贸rio da infraestrutura das escolas por estado
30/07/2025 12:28:15 - INFO - Relat贸rio da infraestrutura das escolas por estado
30/07/2025 12:28:16 - INFO - Relat贸rio da infraestrutura das escolas por estado
30/07/2025 12:28:21 - INFO - Relat贸rio da infraestrutura das escolas por estado
30/07/2025 12:28:23 - INFO - Relat贸rio da infraestrutura das escolas por estado
30/07/2025 12:28:23 - INFO - Relat贸rio da infraestrutura das escolas por estado
30/07/2025 12:28:23 - INFO - Relat贸rio da infraestrutura das escolas por estado
30/07/2025 12:28:23 - INFO - Relat贸rio da infraestrutura das escolas por estado
30/07/2025 12:28:24 - INFO - Relat贸rio da infraestrutura das escolas por estado
30/07/2025 12:28:24 - INFO - Relat贸rio da infraestrutura das escolas por estado
30/07/2025 12:28:24 - INFO - Relat贸rio da infraestrutura das escolas por estado
30/07/2025 12:28:24 - INFO - Relat贸rio da infraestrutura das escolas por estado
30/07/2025 12:28:24 - INFO - Relat贸rio da infraestrutura das escolas por estado
30/07/2025 12:28:25 - INFO - Relat贸rio da infraestrutura das escolas por estado
30/07/2025 12:28:25 - INFO - Relat贸rio da infraestrutura das escolas por estado
30/07/2025 12:28:25 - INFO - Relat贸rio da infraestrutura das escolas por estado
30/07/2025 12:28:25 - INFO - Relat贸rio da infraestrutura das escolas por estado
30/07/2025 12:28:26 - INFO - Relat贸rio da infraestrutura das escolas por estado
30/07/2025 12:28:26 - INFO - Relat贸rio da infraestrutura das escolas por estado
30/07/2025 12:28:26 - INFO - Relat贸rio da infraestrutura das escolas por estado
30/07/2025 12:28:26 - INFO - Relat贸rio da infraestrutura das escolas por estado
30/07/2025 12:28:27 - INFO - Relat贸rio da infraestrutura das escolas por estado
30/07/2025 12:29:31 - INFO - Relat贸rio da infraestrutura das escolas por estado
30/07/2025 12:29:32 - INFO - Relat贸rio da infraestrutura das escolas por estado
30/07/2025 12:29:33 - INFO - Relat贸rio da infraestrutura das escolas por estado
30/07/2025 12:29:33 - INFO - Relat贸rio da infraestrutura das escolas por estado
30/07/2025 12:29:33 - INFO - Relat贸rio da infraestrutura das escolas por estado
30/07/2025 12:29:34 - INFO - Relat贸rio da infraestrutura das escolas por estado
30/07/2025 12:29:35 - INFO - Relat贸rio da infraestrutura das escolas por estado
30/07/2025 12:29:36 - INFO - Relat贸rio da infraestrutura das escolas por estado
30/07/2025 12:29:36 - INFO - Relat贸rio da infraestrutura das escolas por estado
30/07/2025 12:29:37 - INFO - Relat贸rio da infraestrutura das escolas por estado
30/07/2025 12:29:38 - INFO - Relat贸rio da infraestrutura das escolas por estado
30/07/2025 12:29:39 - INFO - Relat贸rio da infraestrutura das escolas por estado
30/07/2025 12:29:40 - INFO - Relat贸rio da infraestrutura das escolas por estado
30/07/2025 12:29:41 - INFO - Relat贸rio da infraestrutura das escolas por estado
30/07/2025 12:29:42 - INFO - Relat贸rio da infraestrutura das escolas por estado
30/07/2025 12:29:43 - INFO - Relat贸rio da infraestrutura das escolas por estado
30/07/2025 12:29:44 - INFO - Relat贸rio da infraestrutura das escolas por estado
30/07/2025 12:29:48 - INFO - Relat贸rio da infraestrutura das escolas por estado
30/07/2025 12:29:58 - INFO - Relat贸rio da infraestrutura das escolas
30/07/2025 12:30:00 - INFO - Relat贸rio da infraestrutura das escolas
30/07/2025 12:30:02 - INFO - Relat贸rio da infraestrutura das escolas
30/07/2025 12:30:03 - INFO - Relat贸rio da infraestrutura das escolas
30/07/2025 12:30:04 - INFO - Relat贸rio da infraestrutura das escolas
30/07/2025 12:30:05 - INFO - Relat贸rio da infraestrutura das escolas
30/07/2025 12:30:07 - INFO - Relat贸rio da infraestrutura das escolas
30/07/2025 12:30:19 - INFO - Relat贸rio da infraestrutura das escolas
30/07/2025 12:30:36 - INFO - Relat贸rio da infraestrutura das escolas
30/07/2025 12:30:38 - INFO - Relat贸rio da infraestrutura das escolas
30/07/2025 12:30:39 - INFO - Relat贸rio da infraestrutura das escolas
30/07/2025 12:30:40 - INFO - Relat贸rio da infraestrutura das escolas
30/07/2025 12:30:41 - INFO - Relat贸rio da infraestrutura das escolas
30/07/2025 12:30:42 - INFO - Relat贸rio da infraestrutura das escolas
30/07/2025 12:30:44 - INFO - Relat贸rio da infraestrutura das escolas
30/07/2025 12:30:46 - INFO - Relat贸rio da infraestrutura das escolas
30/07/2025 12:31:16 - INFO - Solicitada gera莽茫o de relat贸rio geral do censo escolar
30/07/2025 12:31:17 - INFO - Relat贸rio geral gerado com sucesso
30/07/2025 12:31:17 - INFO - Solicitada gera莽茫o de relat贸rio geral do censo escolar
30/07/2025 12:31:17 - INFO - Relat贸rio geral gerado com sucesso
30/07/2025 12:31:28 - INFO - Relat贸rio da infraestrutura das escolas
30/07/2025 12:31:39 - INFO - Relat贸rio da infraestrutura das escolas
30/07/2025 12:31:41 - INFO - Relat贸rio da infraestrutura das escolas
30/07/2025 12:32:13 - INFO - Relat贸rio da infraestrutura das escolas
30/07/2025 12:33:16 - INFO - Relat贸rio da infraestrutura das escolas
30/07/2025 12:33:35 - INFO - Relat贸rio da infraestrutura das escolas
30/07/2025 12:33:39 - INFO - Relat贸rio da infraestrutura das escolas
30/07/2025 12:33:41 - INFO - Relat贸rio da infraestrutura das escolas
30/07/2025 12:33:49 - INFO - Solicitada gera莽茫o de relat贸rio geral do censo escolar
30/07/2025 12:33:49 - INFO - Relat贸rio geral gerado com sucesso
30/07/2025 12:33:49 - INFO - Solicitada gera莽茫o de relat贸rio geral do censo escolar
30/07/2025 12:33:49 - INFO - Relat贸rio geral gerado com sucesso
30/07/2025 12:34:01 - INFO - Relat贸rio da infraestrutura das escolas
30/07/2025 12:38:28 - INFO - Relat贸rio da infraestrutura das escolas
30/07/2025 12:38:53 - INFO - Relat贸rio da infraestrutura das escolas
30/07/2025 12:39:02 - INFO - Relat贸rio da infraestrutura das escolas
30/07/2025 12:39:11 - INFO - Relat贸rio da infraestrutura das escolas por estado
30/07/2025 12:39:13 - INFO - Relat贸rio da infraestrutura das escolas por estado
30/07/2025 12:39:13 - INFO - Relat贸rio da infraestrutura das escolas por estado
30/07/2025 12:39:13 - INFO - Relat贸rio da infraestrutura das escolas por estado
30/07/2025 12:39:14 - INFO - Relat贸rio da infraestrutura das escolas por estado
30/07/2025 12:39:14 - INFO - Relat贸rio da infraestrutura das escolas por estado
30/07/2025 12:39:15 - INFO - Relat贸rio da infraestrutura das escolas por estado
30/07/2025 12:39:16 - INFO - Relat贸rio da infraestrutura das escolas por estado
30/07/2025 12:39:17 - INFO - Relat贸rio da infraestrutura das escolas por estado
30/07/2025 12:39:18 - INFO - Relat贸rio da infraestrutura das escolas por estado
30/07/2025 12:39:19 - INFO - Relat贸rio da infraestrutura das escolas por estado
30/07/2025 12:39:20 - INFO - Relat贸rio da infraestrutura das escolas por estado
30/07/2025 12:39:21 - INFO - Relat贸rio da infraestrutura das escolas por estado
30/07/2025 12:39:21 - INFO - Relat贸rio da infraestrutura das escolas por estado
30/07/2025 12:39:22 - INFO - Relat贸rio da infraestrutura das escolas por estado
30/07/2025 12:39:25 - INFO - Relat贸rio da infraestrutura das escolas por estado
30/07/2025 12:39:32 - INFO - Relat贸rio da infraestrutura das escolas
30/07/2025 12:40:11 - INFO - Relat贸rio da infraestrutura das escolas
30/07/2025 12:41:20 - INFO - Solicitada gera莽茫o de relat贸rio geral do censo escolar
30/07/2025 12:41:21 - INFO - Relat贸rio geral gerado com sucesso
30/07/2025 12:41:21 - INFO - Solicitada gera莽茫o de relat贸rio geral do censo escolar
30/07/2025 12:41:21 - INFO - Relat贸rio geral gerado com sucesso
30/07/2025 12:41:53 - INFO - Solicitada gera莽茫o de relat贸rio geral do censo escolar
30/07/2025 12:41:53 - INFO - Relat贸rio geral gerado com sucesso
30/07/2025 12:41:53 - INFO - Solicitada gera莽茫o de relat贸rio geral do censo escolar
30/07/2025 12:41:54 - INFO - Relat贸rio geral gerado com sucesso
30/07/2025 12:42:05 - INFO - Solicitada gera莽茫o de relat贸rio geral do censo escolar
30/07/2025 12:42:05 - INFO - Relat贸rio geral gerado com sucesso
